<?xml version="1.0" encoding="UTF-8"?>
<testng-results ignored="0" total="1" passed="1" failed="0" skipped="0">
  <reporter-output>
  </reporter-output>
  <suite started-at="2024-01-11T11:39:45 IST" name="Suite" finished-at="2024-01-11T11:40:11 IST" duration-ms="26329">
    <groups>
    </groups>
    <test started-at="2024-01-11T11:39:45 IST" name="Test" finished-at="2024-01-11T11:40:11 IST" duration-ms="26329">
      <class name="com.creation.testcases.PaymentTestCase">
        <test-method is-config="true" signature="setUp()[pri:0, instance:com.creation.testcases.PaymentTestCase@2d710f1a]" started-at="2024-01-11T11:39:45 IST" name="setUp" finished-at="2024-01-11T11:39:55 IST" duration-ms="9647" status="PASS">
          <reporter-output>
          </reporter-output>
        </test-method> <!-- setUp -->
        <test-method signature="testcourses()[pri:1, instance:com.creation.testcases.PaymentTestCase@2d710f1a]" started-at="2024-01-11T11:39:55 IST" name="testcourses" finished-at="2024-01-11T11:40:11 IST" duration-ms="16164" status="PASS">
          <reporter-output>
          </reporter-output>
        </test-method> <!-- testcourses -->
        <test-method is-config="true" signature="tearDown()[pri:0, instance:com.creation.testcases.PaymentTestCase@2d710f1a]" started-at="2024-01-11T11:40:11 IST" name="tearDown" finished-at="2024-01-11T11:40:11 IST" duration-ms="229" status="PASS">
          <reporter-output>
          </reporter-output>
        </test-method> <!-- tearDown -->
      </class> <!-- com.creation.testcases.PaymentTestCase -->
    </test> <!-- Test -->
  </suite> <!-- Suite -->
</testng-results>
