<?xml version="1.0" encoding="UTF-8"?>
<testng-results ignored="0" total="1" passed="1" failed="0" skipped="0">
  <reporter-output>
  </reporter-output>
  <suite started-at="2024-01-11T11:03:19 IST" name="Suite" finished-at="2024-01-11T11:03:54 IST" duration-ms="34571">
    <groups>
    </groups>
    <test started-at="2024-01-11T11:03:19 IST" name="Test" finished-at="2024-01-11T11:03:54 IST" duration-ms="34571">
      <class name="com.creation.testcases.PaymentTestCase">
        <test-method is-config="true" signature="setUp()[pri:0, instance:com.creation.testcases.PaymentTestCase@7526515b]" started-at="2024-01-11T11:03:19 IST" name="setUp" finished-at="2024-01-11T11:03:33 IST" duration-ms="13059" status="PASS">
          <reporter-output>
          </reporter-output>
        </test-method> <!-- setUp -->
        <test-method signature="testcourses()[pri:1, instance:com.creation.testcases.PaymentTestCase@7526515b]" started-at="2024-01-11T11:03:33 IST" name="testcourses" finished-at="2024-01-11T11:03:53 IST" duration-ms="20833" status="PASS">
          <reporter-output>
          </reporter-output>
        </test-method> <!-- testcourses -->
        <test-method is-config="true" signature="tearDown()[pri:0, instance:com.creation.testcases.PaymentTestCase@7526515b]" started-at="2024-01-11T11:03:53 IST" name="tearDown" finished-at="2024-01-11T11:03:54 IST" duration-ms="289" status="PASS">
          <reporter-output>
          </reporter-output>
        </test-method> <!-- tearDown -->
      </class> <!-- com.creation.testcases.PaymentTestCase -->
    </test> <!-- Test -->
  </suite> <!-- Suite -->
</testng-results>
